
> nextjs-frontend@0.1.0 dev
> next dev --turbopack

 ⚠ Warning: Next.js inferred your workspace root, but it may not be correct.
 We detected multiple lockfiles and selected the directory of /Users/abhinavverma/Documents/Projects/centre_research_peptides_ecommerce_monorepo-main/package-lock.json as the root directory.
 To silence this warning, set `turbopack.root` in your Next.js config, or consider removing one of the lockfiles if it's not needed.
   See https://nextjs.org/docs/app/api-reference/config/next-config-js/turbopack#root-directory for more information.
 Detected additional lockfiles: 
   * /Users/abhinavverma/Documents/Projects/centre_research_peptides_ecommerce_monorepo-main/nextjs-frontend/package-lock.json

   ▲ Next.js 15.5.9 (Turbopack)
   - Local:        http://localhost:3000
   - Network:      http://192.168.68.109:3000

 ✓ Starting...
 ✓ Ready in 1072ms
 ○ Compiling / ...
 ✓ Compiled / in 4.6s
{"level":50,"time":1776008561736,"pid":49510,"hostname":"Abhinavs-MacBook-Pro.local","error":{},"msg":"[API] Request failed"}
{"level":50,"time":1776008561736,"pid":49510,"hostname":"Abhinavs-MacBook-Pro.local","error":{},"msg":"[API] Request failed"}
 GET / 200 in 6352ms
 ○ Compiling /landing ...
 ✓ Compiled /landing in 1783ms
 GET /landing 200 in 1916ms
{"level":50,"time":1776010127738,"pid":49510,"hostname":"Abhinavs-MacBook-Pro.local","error":{},"msg":"[API] Request failed"}
{"level":50,"time":1776010127738,"pid":49510,"hostname":"Abhinavs-MacBook-Pro.local","error":{},"msg":"[API] Request failed"}
 GET /landing 200 in 497ms
 GET /landing 200 in 233ms
 ○ Compiling /landing/products ...
 ✓ Compiled /landing/products in 512ms
 GET /landing/products 200 in 729ms
[?25h
